<?xml version="1.0" encoding="UTF-8"?>
<!-- Generated by org.testng.reporters.JUnitReportReporter -->
<testsuite hostname="Tushar" failures="0" tests="1" name="tests.SignUpTest" time="2.313" errors="0" timestamp="2024-12-01T23:36:38 BDT" skipped="0">
  <testcase classname="tests.SignUpTest" name="SignUpTest" time="2.313"/>
  <system-out/>
</testsuite> <!-- tests.SignUpTest -->
